Build started 2/4/2015 4:38:22 PM.
     1>Project "C:\Users\gbrill\Source\Repos\chilitags\MSVC\chilitags.vcxproj" on node 2 (Build target(s)).
     1>Link:
         C:\Program Files (x86)\Microsoft Visual Studio 12.0\VC\bin\link.exe /ERRORREPORT:PROMPT /OUT:"C:\Users\gbrill\Source\Repos\chilitags\MSVC\Debug\chilitags.exe" /INCREMENTAL /NOLOGO /LIBPATH:"C:\lib\pthreads\Pre-built.2\lib\x86" /LIBPATH:C:\lib\opencv\build\x86\vc12\lib pthreadVC2.lib kernel32.lib user32.lib gdi32.lib winspool.lib shell32.lib ole32.lib oleaut32.lib uuid.lib comdlg32.lib advapi32.lib /MANIFEST /MANIFESTUAC:"level='asInvoker' uiAccess='false'" /manifest:embed /DEBUG /PDB:"C:/Users/gbrill/Source/Repos/chilitags/MSVC/Debug/chilitags.pdb" /SUBSYSTEM:CONSOLE /TLBID:1 /DYNAMICBASE /NXCOMPAT /IMPLIB:"C:/Users/gbrill/Source/Repos/chilitags/MSVC/Debug/chilitags.lib" /MACHINE:X86 /SAFESEH  /machine:X86 /debug chilitags.dir\Debug\Chilitags.obj
         chilitags.dir\Debug\Chilitags3D.obj
         chilitags.dir\Debug\Codec.obj
         chilitags.dir\Debug\Decode.obj
         chilitags.dir\Debug\Detect.obj
         chilitags.dir\Debug\EnsureGreyscale.obj
         chilitags.dir\Debug\EstimatePose3D.obj
         chilitags.dir\Debug\Filter.obj
         chilitags.dir\Debug\FindQuads.obj
         chilitags.dir\Debug\GrowRoi.obj
         chilitags.dir\Debug\ReadBits.obj
         chilitags.dir\Debug\Refine.obj
         chilitags.dir\Debug\ScreenOut.obj
         chilitags.dir\Debug\Track.obj
         chilitags.dir\Debug\detectlive.obj
         ..\..\..\..\..\..\lib\opencv\build\x86\vc12\lib\opencv_calib3d2410d.lib
         ..\..\..\..\..\..\lib\opencv\build\x86\vc12\lib\opencv_contrib2410d.lib
         ..\..\..\..\..\..\lib\opencv\build\x86\vc12\lib\opencv_core2410d.lib
         ..\..\..\..\..\..\lib\opencv\build\x86\vc12\lib\opencv_features2d2410d.lib
         ..\..\..\..\..\..\lib\opencv\build\x86\vc12\lib\opencv_flann2410d.lib
         ..\..\..\..\..\..\lib\opencv\build\x86\vc12\lib\opencv_gpu2410d.lib
         ..\..\..\..\..\..\lib\opencv\build\x86\vc12\lib\opencv_highgui2410d.lib
         ..\..\..\..\..\..\lib\opencv\build\x86\vc12\lib\opencv_imgproc2410d.lib
         ..\..\..\..\..\..\lib\opencv\build\x86\vc12\lib\opencv_legacy2410d.lib
         ..\..\..\..\..\..\lib\opencv\build\x86\vc12\lib\opencv_ml2410d.lib
         ..\..\..\..\..\..\lib\opencv\build\x86\vc12\lib\opencv_nonfree2410d.lib
         ..\..\..\..\..\..\lib\opencv\build\x86\vc12\lib\opencv_objdetect2410d.lib
         ..\..\..\..\..\..\lib\opencv\build\x86\vc12\lib\opencv_ocl2410d.lib
         ..\..\..\..\..\..\lib\opencv\build\x86\vc12\lib\opencv_photo2410d.lib
         ..\..\..\..\..\..\lib\opencv\build\x86\vc12\lib\opencv_stitching2410d.lib
         ..\..\..\..\..\..\lib\opencv\build\x86\vc12\lib\opencv_superres2410d.lib
         ..\..\..\..\..\..\lib\opencv\build\x86\vc12\lib\opencv_ts2410d.lib
         ..\..\..\..\..\..\lib\opencv\build\x86\vc12\lib\opencv_video2410d.lib
         ..\..\..\..\..\..\lib\opencv\build\x86\vc12\lib\opencv_videostab2410d.lib
         chilitags.vcxproj -> C:\Users\gbrill\Source\Repos\chilitags\MSVC\Debug\chilitags.exe
     1>Done Building Project "C:\Users\gbrill\Source\Repos\chilitags\MSVC\chilitags.vcxproj" (Build target(s)).

Build succeeded.

Time Elapsed 00:00:01.12
